<?xml version="1.0" encoding="UTF-8"?>
<testng-results ignored="0" total="1" passed="1" failed="0" skipped="0">
  <reporter-output>
  </reporter-output>
  <suite started-at="2026-09-16T02:04:01 IST" name="HybridFrameworkSuite" finished-at="2026-09-16T02:04:09 IST" duration-ms="8118">
    <groups>
    </groups>
    <test started-at="2026-09-16T02:04:01 IST" name="NaukriResumeUpdateTest" finished-at="2026-09-16T02:04:09 IST" duration-ms="8118">
      <class name="testcases.NaukriAutomationTest">
        <test-method is-config="true" signature="setUp()[pri:0, instance:testcases.NaukriAutomationTest@5f19a2da]" started-at="2026-09-16T02:04:01 IST" name="setUp" finished-at="2026-09-16T02:04:06 IST" duration-ms="4995" status="PASS">
          <reporter-output>
          </reporter-output>
        </test-method> <!-- setUp -->
        <test-method signature="updateResumeOnNaukri(java.lang.String,java.lang.String)[pri:0, instance:testcases.NaukriAutomationTest@5f19a2da]" started-at="2026-09-16T02:04:06 IST" name="updateResumeOnNaukri" description="Login to Naukri and re-upload resume on the profile page" data-provider="loginData" finished-at="2026-09-16T02:04:09 IST" duration-ms="2693" status="PASS">
          <params>
            <param index="0">
              <value>
                <![CDATA[rakesh.am2015@gmail.com]]>
              </value>
            </param>
            <param index="1">
              <value>
                <![CDATA[4bd15ME@056]]>
              </value>
            </param>
          </params>
          <reporter-output>
          </reporter-output>
        </test-method> <!-- updateResumeOnNaukri -->
        <test-method is-config="true" signature="tearDown()[pri:0, instance:testcases.NaukriAutomationTest@5f19a2da]" started-at="2026-09-16T02:04:09 IST" name="tearDown" finished-at="2026-09-16T02:04:09 IST" duration-ms="130" status="PASS">
          <reporter-output>
          </reporter-output>
        </test-method> <!-- tearDown -->
      </class> <!-- testcases.NaukriAutomationTest -->
    </test> <!-- NaukriResumeUpdateTest -->
  </suite> <!-- HybridFrameworkSuite -->
</testng-results>
